725
131 133 
564 566 
825 828 
774 781 
912 915 
668 670 
762 763 
720 721 
871 872 
372 373 
285 288 
474 475 
339 341 
947 949 
105 108 
226 227 
470 471 
464 465 
857 858 
214 215 
681 683 
832 833 
91 93 
401 402 
313 
330 331 
173 175 
198 199 
695 696 
586 587 
662 664 
816 817 
49 51 
993 995 
740 744 
620 622 
982 984 
134 137 
894 897 
289 290 
496 498 
735 737 
407 408 
297 304 
937 940 
163 165 
99 101 
525 527 
386 388 
512 513 
452 454 
609 612 
153 155 
343 344 
466 469 
818 824 
483 
572 573 
902 903 
76 79 
701 703 
375 376 
504 
10 12 
156 157 
882 883 
102 104 
684 685 
584 
501 503 
428 432 
628 630 
967 968 
71 72 
861 862 
710 711 
637 643 
384 385 
765 769 
324 327 
116 117 
812 
853 856 
409 410 
359 363 
813 814 
808 810 
114 115 
840 841 
929 930 
147 150 
481 482 
788 789 
455 458 
873 876 
118 119 
438 443 
631 632 
413 414 
484 487 
223 224 
87 
726 731 
368 371 
259 262 
200 204 
716 717 
800 801 
73 
633 634 
510 511 
422 424 
660 661 
459 461 
246 248 
337 338 
436 
973 974 
697 698 
398 399 
545 547 
345 350 
231 234 
579 580 
562 563 
553 558 
243 244 
675 676 
46 47 
797 798 
759 760 
543 544 
795 796 
956 957 
403 405 
891 892 
183 185 
805 806 
476 478 
216 
390 392 
353 355 
815 
615 617 
54 55 
434 437 
5 
52 53 
919 920 
31 32 
151 152 
793 794 
80 82 
171 172 
180 182 
834 835 
273 280 
415 417 
457 
96 97 
15 18 
161 162 
977 979 
123 124 
40 44 
168 169 
136 
673 674 
523 524 
568 571 
138 143 
387 
125 
951 
570 
241 
266 269 
126 128 
910 911 
129 130 
548 552 
749 750 
256 257 
66 67 
627 
723 
270 271 
265 
394 395 
884 885 
770 773 
451 
745 
958 960 
961 965 
306 307 
196 
618 619 
310 318 
624 625 
837 838 
607 608 
462 
583 585 
494 495 
923 
932 934 
252 253 
144 146 
677 
435 
335 336 
281 
228 
59 61 
714 715 
688 
907 
517 518 
581 582 
20 26 
275 
528 529 
188 190 
534 535 
490 492 
898 901 
191 195 
179 
238 242 
206 207 
507 
846 847 
939 
94 95 
447 449 
249 250 
36 37 
263 264 
879 881 
996 999 
0 2 
145 
768 
990 991 
751 752 
64 65 
657 659 
577 578 
201 
121 
158 160 
468 
202 
599 600 
980 981 
728 
651 653 
927 928 
761 
985 988 
753 758 
906 
775 
22 
236 237 
444 445 
952 953 
595 598 
27 30 
916 918 
994 
193 
57 58 
904 909 
667 
84 85 
975 
705 709 
521 522 
647 
500 
286 
78 
811 
589 590 
86 88 
472 
302 
28 
604 
663 
23 
567 
596 
251 
109 
820 
68 69 
736 
730 
181 
254 
718 
291 295 
610 
665 666 
509 
557 
218 221 
315 
418 419 
830 
594 
712 
382 383 
679 
819 
866 868 
860 
21 
203 
546 
149 
645 
588 
4 
823 
844 
537 542 
863 
686 689 
672 
945 946 
75 
616 
755 
184 
9 
60 
197 
887 
629 
626 
893 
347 
98 
140 
6 8 
77 
321 322 
597 
905 
211 
925 
941 943 
369 
148 
411 
669 
865 
654 
784 
460 
874 
164 
601 603 
756 
423 
539 
210 
245 
473 
360 
635 636 
936 
896 
19 
391 
924 
446 
406 
742 
533 
899 
850 
890 
493 
826 
100 
74 
687 
380 
809 
921 
365 366 
127 
217 
550 
429 
888 
706 
836 
225 
393 
328 
867 
767 
260 
92 
514 
222 
480 
852 
208 
38 
575 
970 
782 783 
864 
997 
367 
177 
983 
35 
358 
233 
426 427 
729 
922 
880 
926 
754 
300 
827 
992 
356 
334 
506 
132 
287 
606 
13 
485 
803 
886 
746 
283 
732 
565 
433 
41 
605 
964 
699 700 
556 
431 
969 
107 
778 
361 
277 
389 
412 
320 
913 
638 
325 
644 
309 
536 
497 
230 
531 
559 
479 
50 
804 
122 
538 
267 
692 
772 
81 
450 
986 
439 
348 
702 
648 
962 
719 
440 
142 
655 
821 
574 
807 
205 
779 
963 
7 
614 
176 
917 
247 
255 
855 
25 
602 
555 
323 
135 
16 
787 
519 
235 
950 
397 
623 
845 
875 
293 
489 
110 
352 
467 
194 
63 
505 
849 
279 
178 
839 
948 
987 
272 
314 
34 
70 
154 
192 
792 
220 
976 
491 
42 
829 
878 
89 
305 
724 
189 
682 
448 
877 
532 
743 
364 
733 
870 
989 
799 
453 
966 
889 
316 
311 
296 
166 
942 
541 
381 
848 
83 
650 
554 
526 
212 
851 
106 
592 
540 
377 
232 
900 
141 
790 
29 
441 
39 
831 
802 
139 
591 
777 
209 
45 
333 
430 
722 
978 
971 
741 
219 
278 
734 
671 
776 
416 
332 
370 
159 
24 
766 
646 
3 
576 
229 
530 
170 
421 
329 
972 
954 
842 
103 
294 
456 
112 
694 
111 
239 
738 
502 
425 
374 
708 
349 
319 
656 
693 
747 
678 
515 
959 
713 
822 
843 
240 
174 
704 
120 
396 
914 
488 
301 
764 
299 
785 
43 
14 
725 
62 
560 
771 
658 
933 
113 
516 
268 
351 
258 
167 
680 
56 
593 
261 
303 
379 
854 
640 
652 
998 
938 
641 
895 
499 
791 
757 
186 
908 
342 
362 
404 
649 
90 
859 
340 
187 
282 
611 
931 
274 
400 
748 
639 
561 
11 
298 
1 
292 
621 
520 
284 
739 
213 
48 
935 
551 
955 
780 
33 
477 
642 
