750
942
829
997
687
230
145
976
203
251
972
596
602
298
650
502
391
258
141
489
844
641
875
914
722
557
212
279
320
504
319
189
56
16
127
83
508
393
812
944
732
302
293
497
60
436
309
164
457
887
121
406
848
29
78
278
140
196
667
480
792
728
604
924
766
831
225
764
713
90
39
642
122
267
855
771
201
159
325
736
43
963
516
704
878
139
730
559
933
463
629
755
907
592
352
905
936
323
515
358
688
35
300
908
772
493
707
100
98
211
186
229
9
560
315
869
81
491
693
679
301
423
849
627
992
260
616
397
275
712
377
655
179
202
177
626
433
48
658
429
519
724
41
178
588
63
38
483
682
807
442
441
826
439
575
613
24
19
283
507
453
222
509
605
5
4
530
254
546
780
132
387
531
268
89
811
342
334
640
865
880
74
176
874
348
680
379
351
520
678
706
843
900
677
565
870
400
743
446
778
120
294
702
785
671
646
839
863
232
623
135
739
213
845
836
217
569
989
554
669
819
536
556
975
329
62
440
148
479
112
533
431
638
746
791
347
723
948
448
73
815
281
959
277
734
830
362
357
488
305
142
647
255
549
803
809
174
745
272
284
645
576
360
33
70
890
935
597
181
867
694
205
611
978
649
25
708
777
328
567
247
326
864
966
370
768
245
451
110
282
340
28
591
606
741
103
895
208
727
77
389
107
369
170
311
314
539
787
136
346
917
964
166
896
648
886
292
639
486
228
239
499
50
477
13
416
889
733
842
1
931
854
425
45
747
265
767
240
396
456
42
356
738
75
296
317
361
725
261
333
167
998
367
888
332
802
951
23
799
776
718
692
472
821
378
299
969
125
656
925
210
987
274
923
938
233
420
154
954
404
194
610
87
906
7
380
187
672
286
192
421
852
354
644
748
541
21
473
435
779
241
412
551
111
538
109
235
308
761
690
950
893
106
926
411
859
983
467
313
550
540
364
349
786
994
193
149
468
754
719
14
312
913
921
877
462
532
555
922
962
11
506
621
219
756
287
303
276
593
851
827
784
574
614
92
216
209
184
757
450
197
955
820
729
220
430
663
970
691
790
594
570
823
652
526
316
22
460
113
485
899
860
505
17
742
850
561
775
822
500
514
381
971
3
374
584
34
654
986
939
804
0 2
6 8
10 12
15 18
20 26
27 30
31 32
36 37
40 44
46 47
49 51
52 53
54 55
57 58
59 61
64 65
66 67
68 69
71 72
76 79
80 82
84 85
86 88
91 93
94 95
96 97
99 101
102 104
105 108
114 115
116 117
118 119
123 124
126 128
129 130
131 133
134 137
138 143
144 146
147 150
151 152
153 155
156 157
158 160
161 162
163 165
168 169
171 172
173 175
180 182
183 185
188 190
191 195
198 199
200 204
206 207
214 215
218 221
223 224
226 227
231 234
236 237
238 242
243 244
246 248
249 250
252 253
256 257
259 262
263 264
266 269
270 271
273 280
285 288
289 290
291 295
297 304
306 307
310 318
321 322
324 327
330 331
335 336
337 338
339 341
343 344
345 350
353 355
359 363
365 366
368 371
372 373
375 376
382 383
384 385
386 388
390 392
394 395
398 399
401 402
403 405
407 408
409 410
413 414
415 417
418 419
422 424
426 427
428 432
434 437
438 443
444 445
447 449
452 454
455 458
459 461
464 465
466 469
470 471
474 475
476 478
481 482
484 487
490 492
494 495
496 498
501 503
510 511
512 513
517 518
521 522
523 524
525 527
528 529
534 535
537 542
543 544
545 547
548 552
553 558
562 563
564 566
568 571
572 573
577 578
579 580
581 582
583 585
586 587
589 590
595 598
599 600
601 603
607 608
609 612
615 617
618 619
620 622
624 625
628 630
631 632
633 634
635 636
637 643
651 653
657 659
660 661
662 664
665 666
668 670
673 674
675 676
681 683
684 685
686 689
695 696
697 698
699 700
701 703
705 709
710 711
714 715
716 717
720 721
726 731
735 737
740 744
749 750
751 752
753 758
759 760
762 763
765 769
770 773
774 781
782 783
788 789
793 794
795 796
797 798
800 801
805 806
808 810
813 814
816 817
818 824
825 828
832 833
834 835
837 838
840 841
846 847
853 856
857 858
861 862
866 868
871 872
873 876
879 881
882 883
884 885
891 892
894 897
898 901
902 903
904 909
910 911
912 915
916 918
919 920
927 928
929 930
932 934
937 940
941 943
945 946
947 949
952 953
956 957
958 960
961 965
967 968
973 974
977 979
980 981
982 984
985 988
990 991
993 995
996 999
